<?xml version="1.0" encoding="UTF-8"?>
<!-- Generated by org.testng.reporters.JUnitXMLReporter -->
<testsuite ignored="0" hostname="DESKTOP-RIU8V9I" failures="1" tests="3" name="Test" time="60.416" errors="0" timestamp="25 Nov 2021 14:40:28 GMT">
  <testcase classname="FailedTestCases.Personal_Details" name="Mainmethod" time="0.0">
    <failure type="org.testng.TestNGException" message="
Parameter &amp;apos;URL1&amp;apos; is required by @Test on method Mainmethod but has not been marked @Optional or defined
in C:\Users\admin\eclipse-workspace\OrangeHRM01\src\test\java\FailedTestCases\testng.xml">
      <![CDATA[org.testng.TestNGException: 
Parameter 'URL1' is required by @Test on method Mainmethod but has not been marked @Optional or defined
in C:\Users\admin\eclipse-workspace\OrangeHRM01\src\test\java\FailedTestCases\testng.xml
at java.base/java.util.concurrent.ThreadPoolExecutor.runWorker(ThreadPoolExecutor.java:1128)
at java.base/java.util.concurrent.ThreadPoolExecutor$Worker.run(ThreadPoolExecutor.java:628)
at java.base/java.lang.Thread.run(Thread.java:835)
... Removed 9 stack frames]]>
    </failure>
  </testcase> <!-- Mainmethod -->
  <testcase classname="FailedTestCases.ContactDetails_static" name="Main_method" time="50.015"/>
  <testcase classname="FailedTestCases.General_info_parameters_static" name="Mainmethod" time="52.587"/>
</testsuite> <!-- Test -->
